Arguments: 
  C:\Program Files\nodejs\node.exe C:\Program Files (x86)\Yarn\bin\yarn.js init

PATH: 
  D:\Apps\cmder\bin;D:\Apps\cmder\vendor\conemu-maximus5\ConEmu\Scripts;D:\Apps\cmder\vendor\conemu-maximus5;D:\Apps\cmder\vendor\conemu-maximus5\ConEmu;C:\Windows\system32;C:\Windows;C:\Windows\System32\Wbem;C:\Windows\System32\WindowsPowerShell\v1.0\;C:\Program Files\Git\cmd;C:\Program Files (x86)\Yarn\bin\;C:\Program Files\nodejs\;C:\Users\hienhoang\AppData\Local\Microsoft\WindowsApps;C:\Program Files\Microsoft VS Code\bin;C:\Users\hienhoang\AppData\Local\Yarn\bin;C:\Users\hienhoang\AppData\Roaming\npm;C:\Program Files\Git\usr\bin;C:\Program Files\Git\usr\share\vim\vim74;D:\Apps\cmder\

Yarn version: 
  1.6.0

Node version: 
  8.11.1

Platform: 
  win32 x64

Trace: 
  Error: canceled
      at Interface.<anonymous> (C:\Program Files (x86)\Yarn\lib\cli.js:129516:13)
      at emitNone (events.js:106:13)
      at Interface.emit (events.js:208:7)
      at Interface._ttyWrite (readline.js:775:16)
      at ReadStream.onkeypress (readline.js:160:10)
      at emitTwo (events.js:126:13)
      at ReadStream.emit (events.js:214:7)
      at emitKeys (internal/readline.js:420:14)
      at emitKeys.next (<anonymous>)
      at ReadStream.onData (readline.js:1011:36)

npm manifest: 
  No manifest

yarn manifest: 
  No manifest

Lockfile: 
  No lockfile
